<?xml version="1.0" encoding="utf-8" standalone="no"?>
<!--This file represents the results of running a test suite-->
<test-results name="D:\dev\PC\Unity Workspace\Yosei\Teacup\Teacup\Teacup\bin\Release\Teacup.dll" total="7" errors="0" failures="0" not-run="0" inconclusive="0" ignored="0" skipped="0" invalid="0" date="2013-12-23" time="16:43:48">
  <environment nunit-version="2.6.3.13283" clr-version="2.0.50727.4984" os-version="Microsoft Windows NT 6.1.7600.0" platform="Win32NT" cwd="C:\Program Files (x86)\NUnit 2.6.3\bin" machine-name="HORIZON" user="Theo" user-domain="Horizon" />
  <culture-info current-culture="fr-FR" current-uiculture="en-US" />
  <test-suite type="Assembly" name="D:\dev\PC\Unity Workspace\Yosei\Teacup\Teacup\Teacup\bin\Release\Teacup.dll" executed="True" result="Success" success="True" time="0.272" asserts="0">
    <results>
      <test-suite type="Namespace" name="Teacup" executed="True" result="Success" success="True" time="0.253" asserts="0">
        <results>
          <test-suite type="Namespace" name="Genetic" executed="True" result="Success" success="True" time="0.253" asserts="0">
            <results>
              <test-suite type="Namespace" name="UnitTesting" executed="True" result="Success" success="True" time="0.253" asserts="0">
                <results>
                  <test-suite type="TestFixture" name="TestChromosome" executed="True" result="Success" success="True" time="0.101" asserts="0">
                    <results>
                      <test-case name="Teacup.Genetic.UnitTesting.TestChromosome.Crossover" executed="True" result="Success" success="True" time="0.063" asserts="18" />
                      <test-case name="Teacup.Genetic.UnitTesting.TestChromosome.InitGetSet" executed="True" result="Success" success="True" time="0.011" asserts="17" />
                      <test-case name="Teacup.Genetic.UnitTesting.TestChromosome.Mutation" executed="True" result="Success" success="True" time="0.006" asserts="12" />
                    </results>
                  </test-suite>
                  <test-suite type="TestFixture" name="TestGenome" executed="True" result="Success" success="True" time="0.024" asserts="0">
                    <results>
                      <test-case name="Teacup.Genetic.UnitTesting.TestGenome.InitGetSet" executed="True" result="Success" success="True" time="0.003" asserts="4" />
                      <test-case name="Teacup.Genetic.UnitTesting.TestGenome.Mate" executed="True" result="Success" success="True" time="0.018" asserts="12" />
                    </results>
                  </test-suite>
                  <test-suite type="TestFixture" name="TestPopulation" executed="True" result="Success" success="True" time="0.120" asserts="0">
                    <results>
                      <test-case name="Teacup.Genetic.UnitTesting.TestPopulation.BalancedSelection" executed="True" result="Success" success="True" time="0.016" asserts="1" />
                      <test-case name="Teacup.Genetic.UnitTesting.TestPopulation.PredominantSelection" executed="True" result="Success" success="True" time="0.101" asserts="1001" />
                    </results>
                  </test-suite>
                </results>
              </test-suite>
            </results>
          </test-suite>
        </results>
      </test-suite>
    </results>
  </test-suite>
</test-results>