<?xml version="1.0" encoding="utf-8" standalone="no"?>
<!--This file represents the results of running a test suite-->
<test-results name="D:\dev\Yosei\yosei\Teacup\Teacup\Teacup\bin\Debug\Teacup.dll" total="7" errors="0" failures="0" not-run="0" inconclusive="0" ignored="0" skipped="0" invalid="0" date="2013-12-14" time="21:34:05">
  <environment nunit-version="2.6.3.13283" clr-version="2.0.50727.5472" os-version="Microsoft Windows NT 6.1.7601 Service Pack 1" platform="Win32NT" cwd="C:\Program Files (x86)\NUnit 2.6.3\bin" machine-name="MIYAKO" user="Théo" user-domain="Miyako" />
  <culture-info current-culture="en-GB" current-uiculture="fr-FR" />
  <test-suite type="Assembly" name="D:\dev\Yosei\yosei\Teacup\Teacup\Teacup\bin\Debug\Teacup.dll" executed="True" result="Success" success="True" time="0.132" asserts="0">
    <results>
      <test-suite type="Namespace" name="Teacup" executed="True" result="Success" success="True" time="0.116" asserts="0">
        <results>
          <test-suite type="Namespace" name="Genetic" executed="True" result="Success" success="True" time="0.116" asserts="0">
            <results>
              <test-suite type="Namespace" name="UnitTesting" executed="True" result="Success" success="True" time="0.116" asserts="0">
                <results>
                  <test-suite type="TestFixture" name="TestChromosome" executed="True" result="Success" success="True" time="0.084" asserts="0">
                    <results>
                      <test-case name="Teacup.Genetic.UnitTesting.TestChromosome.Crossover" executed="True" result="Success" success="True" time="0.052" asserts="18" />
                      <test-case name="Teacup.Genetic.UnitTesting.TestChromosome.InitGetSet" executed="True" result="Success" success="True" time="0.006" asserts="17" />
                      <test-case name="Teacup.Genetic.UnitTesting.TestChromosome.Mutation_decimal" executed="True" result="Success" success="True" time="0.006" asserts="1100" />
                      <test-case name="Teacup.Genetic.UnitTesting.TestChromosome.Mutation_int" executed="True" result="Success" success="True" time="0.003" asserts="1100" />
                    </results>
                  </test-suite>
                  <test-suite type="TestFixture" name="TestGene" executed="True" result="Success" success="True" time="0.004" asserts="0">
                    <results>
                      <test-case name="Teacup.Genetic.UnitTesting.TestGene.InitGetSet" executed="True" result="Success" success="True" time="0.003" asserts="6" />
                    </results>
                  </test-suite>
                  <test-suite type="TestFixture" name="TestGenome" executed="True" result="Success" success="True" time="0.018" asserts="0">
                    <results>
                      <test-case name="Teacup.Genetic.UnitTesting.TestGenome.InitGetSet" executed="True" result="Success" success="True" time="0.002" asserts="4" />
                      <test-case name="Teacup.Genetic.UnitTesting.TestGenome.Mate" executed="True" result="Success" success="True" time="0.013" asserts="12" />
                    </results>
                  </test-suite>
                </results>
              </test-suite>
            </results>
          </test-suite>
        </results>
      </test-suite>
    </results>
  </test-suite>
</test-results>